<?xml version="1.0" encoding="UTF-8"?>
<!-- Generated by org.testng.reporters.JUnitReportReporter -->
<testsuite hostname="DESKTOP-H3UQ7ED" failures="0" tests="2" name="tests.TC05_SelectFlightAndProceedToBooking" time="63.512" errors="0" timestamp="2024-01-21T23:42:28 IST" skipped="0">
  <testcase classname="tests.TC05_SelectFlightAndProceedToBooking" name="SelectFlightAndProceedToBooking" time="25.971"/>
  <testcase classname="tests.TC05_SelectFlightAndProceedToBooking" name="SelectFlightAndProceedToBooking" time="37.541"/>
</testsuite> <!-- tests.TC05_SelectFlightAndProceedToBooking -->
