<?xml version="1.0" encoding="UTF-8"?>
<!-- Generated by org.testng.reporters.JUnitReportReporter -->
<testsuite hostname="DESKTOP-H3UQ7ED" failures="0" tests="1" name="tests.TC14_ManageBookingNegative" time="12.309" errors="0" timestamp="2024-01-21T23:42:28 IST" skipped="0">
  <testcase classname="tests.TC14_ManageBookingNegative" name="status" time="12.309"/>
</testsuite> <!-- tests.TC14_ManageBookingNegative -->
