<?xml version="1.0" encoding="UTF-8"?>
<!-- Generated by org.testng.reporters.JUnitReportReporter -->
<testsuite hostname="DESKTOP-H3UQ7ED" failures="0" tests="4" name="tests.TC01_SignUpFunctionality" time="85.459" errors="0" timestamp="2024-01-21T23:42:28 IST" skipped="0">
  <testcase classname="tests.TC01_SignUpFunctionality" name="SignUPTest" time="21.316"/>
  <testcase classname="tests.TC01_SignUpFunctionality" name="SignUPTest" time="20.272"/>
  <testcase classname="tests.TC01_SignUpFunctionality" name="SignUPTest" time="22.594"/>
  <testcase classname="tests.TC01_SignUpFunctionality" name="SignUPTest" time="21.277"/>
</testsuite> <!-- tests.TC01_SignUpFunctionality -->
