<?xml version="1.0" encoding="UTF-8"?>
<!-- Generated by org.testng.reporters.JUnitReportReporter -->
<testsuite hostname="DESKTOP-H3UQ7ED" failures="0" tests="1" name="tests.TC09_ManageBookingStatus" time="12.251" errors="0" timestamp="2024-01-21T23:42:28 IST" skipped="0">
  <testcase classname="tests.TC09_ManageBookingStatus" name="status" time="12.251"/>
</testsuite> <!-- tests.TC09_ManageBookingStatus -->
