<?xml version="1.0" encoding="UTF-8"?>
<!-- Generated by org.testng.reporters.JUnitReportReporter -->
<testsuite hostname="DESKTOP-H3UQ7ED" failures="0" tests="1" name="tests.TC03_OneWayTrip" time="79.789" errors="0" timestamp="2024-01-21T23:42:28 IST" skipped="0">
  <testcase classname="tests.TC03_OneWayTrip" name="oneway" time="79.789"/>
</testsuite> <!-- tests.TC03_OneWayTrip -->
