<?xml version="1.0" encoding="UTF-8"?>
<!-- Generated by org.testng.reporters.JUnitReportReporter -->
<testsuite hostname="DESKTOP-H3UQ7ED" failures="0" tests="1" name="tests.TC13_FlightStatusNegative" time="25.233" errors="0" timestamp="2024-01-21T23:42:28 IST" skipped="0">
  <testcase classname="tests.TC13_FlightStatusNegative" name="status" time="25.233"/>
</testsuite> <!-- tests.TC13_FlightStatusNegative -->
