<?xml version="1.0" encoding="UTF-8"?>
<!-- Generated by org.testng.reporters.JUnitReportReporter -->
<testsuite hostname="DESKTOP-H3UQ7ED" failures="0" tests="2" name="tests.TC04_RoundTrip" time="40.300" errors="0" timestamp="2024-01-21T23:42:28 IST" skipped="0">
  <testcase classname="tests.TC04_RoundTrip" name="RoundTrip" time="19.454"/>
  <testcase classname="tests.TC04_RoundTrip" name="RoundTrip" time="20.846"/>
</testsuite> <!-- tests.TC04_RoundTrip -->
